<?xml version="1.0" encoding="UTF-8"?>
<testsuite xmlns:xsi="http://www.w3.org/2001/XMLSchema-instance" xsi:noNamespaceSchemaLocation="https://maven.apache.org/surefire/maven-surefire-plugin/xsd/surefire-test-report.xsd" version="3.0.1" name="com.service.LoginServiceTest" time="0.699" tests="3" errors="0" skipped="0" failures="0">
  <properties>
[...]
</properties>
  <testcase name="testingWithValidCredintials" classname="com.service.LoginServiceTest" time="0.025"/>
  <testcase name="testingWithInValidCredintials" classname="com.service.LoginServiceTest" time="0.001"/>
  <testcase name="testingWithEmptyCredintials" classname="com.service.LoginServiceTest" time="0.002"/>
</testsuite>